2023-02-12 16:17:24,619 INFO  [Main.start] Running command -> node src/main.js https://github.com/cloudinary/cloudinary_npm
2023-02-12 16:17:24,620 INFO  [Main.start] Scoring package from: https://github.com/cloudinary/cloudinary_npm
2023-02-12 16:17:24,620 INFO  [Main.start] Parsing repository link...
2023-02-12 16:17:24,620 INFO  [URLParse.getGitRepoDetails] Getting info from GitHub link...
2023-02-12 16:17:24,620 INFO  [URLParse.getGitRepoDetails] getGitRepoDetails returns cloudinary/cloudinary_npm
2023-02-12 16:17:24,621 INFO  [Main.start] Getting info from graphQL query
2023-02-12 16:17:24,621 INFO  [GraphQL.graphAPIfetch] Getting graphQL response...
2023-02-12 16:17:25,71 INFO  [GraphQL.graphAPIfetch] Data acquired from graphQL: [object Object]
2023-02-12 16:17:25,71 INFO  [Main.start] Successful data collection: [object Object]
2023-02-12 16:17:25,71 INFO  [Main.start] Getting info from cloned repo...
2023-02-12 16:17:25,72 INFO  [Cloned.get_info_from_cloned_repo] Cloning repo and getting information about it
2023-02-12 16:17:25,72 INFO  [Cloned.create_git_object] Created repository directory
2023-02-12 16:17:25,74 INFO  [Cloned.create_git_object] Successfully created git object
2023-02-12 16:17:25,74 INFO  [Cloned.clone_repo] Cloning repo...
2023-02-12 16:17:29,255 INFO  [Cloned.clone_repo] Successfully cloned repo
2023-02-12 16:17:29,255 INFO  [Cloned.read_readme] Reading contents of Readme
2023-02-12 16:17:29,255 INFO  [Cloned.get_readme_path] Found readme file for repository: /home/shantanu/ece-461-project/cloudinary_npm/README.md
2023-02-12 16:17:29,256 INFO  [Cloned.get_percentage_comments] Running cloc on cloned repository
2023-02-12 16:17:29,443 INFO  [Cloned.get_percentage_comments] Returning comment ratio: 11.2
2023-02-12 16:17:29,445 INFO  [Cloned.has_license_in_package_json] Found license in package.json
2023-02-12 16:17:29,444 INFO  [Cloned.has_license_file] License file not found for repository in /home/shantanu/ece-461-project/cloudinary_npm
2023-02-12 16:17:29,444 INFO  [Cloned.has_license_in_package_json] Read package.json file
2023-02-12 16:17:29,446 INFO  [Cloned.get_repo] Removing repository
2023-02-12 16:17:29,448 INFO  [REST.get_recentCommits] Entering while loop to get recent commits
2023-02-12 16:17:29,448 INFO  [REST.get_recentCommits] Getting recent commits
2023-02-12 16:17:29,449 INFO  [Cloned.has_correct_license_in_readme] Found license MIT in readme
2023-02-12 16:17:29,765 INFO  [REST.get_recentCommits] Getting recent commits
2023-02-12 16:17:29,915 INFO  [REST.get_recentCommits] Found commit count of 43
2023-02-12 16:17:29,916 INFO  [Scores.calculate_correctness] Getting commit count...
2023-02-12 16:17:29,916 INFO  [Scores.calculate_correctness] Getting number of stars...
2023-02-12 16:17:29,916 INFO  [Scores.calculate_correctness] Calculated num_stars: 1 and commit_count: 0.043
2023-02-12 16:17:29,916 INFO  [Scores.calculate_correctness] Calculating correctness...
2023-02-12 16:17:29,917 INFO  [Scores.calculate_correctness] Calculated correctness score of 0.24
2023-02-12 16:17:29,917 INFO  [Main.start] calculating correctness
2023-02-12 16:17:29,917 INFO  [Scores.calculate_responsiveness] Calculating responsiveness
2023-02-12 16:17:29,918 INFO  [Scores.calculate_ramp] Calculate ramp up time
2023-02-12 16:17:29,917 INFO  [Scores.calculate_responsiveness] Calculated responsiveness of 1
2023-02-12 16:17:29,917 INFO  [Main.start] calculating responsiveness
2023-02-12 16:17:29,918 INFO  [Scores.calculate_ramp] Calculated ramp up score of 0.79
2023-02-12 16:17:29,918 INFO  [Main.start] calculating ramp-up
2023-02-12 16:17:29,919 INFO  [Scores.calculate_license] Calculating license
2023-02-12 16:17:29,919 INFO  [Scores.calculate_license] License score is 1 based on condition (1) (check function for more information)
2023-02-12 16:17:29,919 INFO  [Main.start] calculating license
2023-02-12 16:17:29,919 INFO  [Scores.calculate_bus] Calculated bus factor score of 1
2023-02-12 16:17:29,919 INFO  [Main.start] calculating bus factor
2023-02-12 16:17:29,920 INFO  [Scores.calculate_score] Calculating final score...
2023-02-12 16:17:29,920 INFO  [Scores.calculate_score] Final score for package cloudinary_npm = 0.83
2023-02-12 16:17:29,920 INFO  [Main.start] calculating final score
2023-02-12 16:17:29,920 INFO  [Main.start] Ramp-up 0.79
2023-02-12 16:17:29,920 INFO  [Main.start] License Score 1
2023-02-12 16:17:29,920 INFO  [Main.start] Correctness 0.24
2023-02-12 16:17:29,920 INFO  [Main.start] Bus Factor 1
2023-02-12 16:17:29,920 INFO  [Main.start] Responsiveness 1
2023-02-12 16:17:29,920 INFO  [Main.start] Total Score 0.83
2023-02-12 16:17:30,58 INFO  [Main.start] Running command -> node src/main.js https://www.npmjs.com/package/express
2023-02-12 16:17:30,59 INFO  [Main.start] Scoring package from: https://www.npmjs.com/package/express
2023-02-12 16:17:30,59 INFO  [Main.start] Parsing repository link...
2023-02-12 16:17:30,59 INFO  [URLParse.npm_2_git] Converting npm link (https://www.npmjs.com/package/express) to GitHub link...
2023-02-12 16:17:30,187 INFO  [URLParse.getGitRepoDetails] Getting info from GitHub link...
2023-02-12 16:17:30,187 INFO  [URLParse.getGitRepoDetails] getGitRepoDetails returns expressjs/express
2023-02-12 16:17:30,187 INFO  [Main.start] Getting info from graphQL query
2023-02-12 16:17:30,187 INFO  [GraphQL.graphAPIfetch] Getting graphQL response...
2023-02-12 16:17:30,516 INFO  [GraphQL.graphAPIfetch] Data acquired from graphQL: [object Object]
2023-02-12 16:17:30,517 INFO  [Main.start] Successful data collection: [object Object]
2023-02-12 16:17:30,517 INFO  [Main.start] Getting info from cloned repo...
2023-02-12 16:17:30,517 INFO  [Cloned.get_info_from_cloned_repo] Cloning repo and getting information about it
2023-02-12 16:17:30,518 INFO  [Cloned.create_git_object] Created repository directory
2023-02-12 16:17:30,519 INFO  [Cloned.create_git_object] Successfully created git object
2023-02-12 16:17:30,519 INFO  [Cloned.clone_repo] Cloning repo...
2023-02-12 16:17:32,632 INFO  [Cloned.clone_repo] Successfully cloned repo
2023-02-12 16:17:32,632 INFO  [Cloned.get_readme_path] Found readme file for repository: /home/shantanu/ece-461-project/express/Readme.md
2023-02-12 16:17:32,633 INFO  [Cloned.read_readme] Reading contents of Readme
2023-02-12 16:17:32,633 INFO  [Cloned.get_percentage_comments] Running cloc on cloned repository
2023-02-12 16:17:33,102 INFO  [Cloned.get_percentage_comments] Returning comment ratio: 10.79
2023-02-12 16:17:33,102 INFO  [Cloned.has_license_file] License file found for respoitory: LICENSE
2023-02-12 16:17:33,102 INFO  [Cloned.has_license_file] License file not found for repository in /home/shantanu/ece-461-project/express
2023-02-12 16:17:33,102 INFO  [Cloned.has_license_in_package_json] Read package.json file
2023-02-12 16:17:33,103 INFO  [Cloned.has_license_in_package_json] Found license in package.json
2023-02-12 16:17:33,104 INFO  [Cloned.get_repo] Removing repository
2023-02-12 16:17:33,106 INFO  [REST.get_recentCommits] Entering while loop to get recent commits
2023-02-12 16:17:33,106 INFO  [REST.get_recentCommits] Getting recent commits
2023-02-12 16:17:33,106 INFO  [Cloned.has_correct_license_in_readme] Found license MIT in readme
2023-02-12 16:17:33,258 INFO  [REST.get_recentCommits] Found commit count of 7
2023-02-12 16:17:33,260 INFO  [Scores.calculate_correctness] Getting commit count...
2023-02-12 16:17:33,260 INFO  [Scores.calculate_correctness] Getting number of stars...
2023-02-12 16:17:33,260 INFO  [Scores.calculate_correctness] Calculating correctness...
2023-02-12 16:17:33,260 INFO  [Scores.calculate_correctness] Calculated num_stars: 1 and commit_count: 0.007
2023-02-12 16:17:33,260 INFO  [Scores.calculate_correctness] Calculated correctness score of 0.22
2023-02-12 16:17:33,260 INFO  [Main.start] calculating correctness
2023-02-12 16:17:33,260 INFO  [Scores.calculate_responsiveness] Calculating responsiveness
2023-02-12 16:17:33,260 INFO  [Scores.calculate_responsiveness] Calculated responsiveness of 1
2023-02-12 16:17:33,260 INFO  [Main.start] calculating responsiveness
2023-02-12 16:17:33,260 INFO  [Scores.calculate_ramp] Calculate ramp up time
2023-02-12 16:17:33,260 INFO  [Scores.calculate_ramp] Calculated ramp up score of 0.82
2023-02-12 16:17:33,260 INFO  [Main.start] calculating ramp-up
2023-02-12 16:17:33,260 INFO  [Scores.calculate_license] Calculating license
2023-02-12 16:17:33,260 INFO  [Scores.calculate_license] License score is 1 based on condition (1) (check function for more information)
2023-02-12 16:17:33,261 INFO  [Main.start] calculating license
2023-02-12 16:17:33,261 INFO  [Scores.calculate_bus] Calculated bus factor score of 1
2023-02-12 16:17:33,261 INFO  [Scores.calculate_score] Final score for package express = 0.83
2023-02-12 16:17:33,261 INFO  [Main.start] calculating bus factor
2023-02-12 16:17:33,261 INFO  [Scores.calculate_score] Calculating final score...
2023-02-12 16:17:33,261 INFO  [Main.start] calculating final score
2023-02-12 16:17:33,261 INFO  [Main.start] Correctness 0.22
2023-02-12 16:17:33,261 INFO  [Main.start] License Score 1
2023-02-12 16:17:33,261 INFO  [Main.start] Ramp-up 0.82
2023-02-12 16:17:33,261 INFO  [Main.start] Bus Factor 1
2023-02-12 16:17:33,261 INFO  [Main.start] Responsiveness 1
2023-02-12 16:17:33,261 INFO  [Main.start] Total Score 0.83
2023-02-12 16:17:33,397 INFO  [Main.start] Running command -> node src/main.js https://github.com/nullivex/nodist
2023-02-12 16:17:33,398 INFO  [Main.start] Scoring package from: https://github.com/nullivex/nodist
2023-02-12 16:17:33,398 INFO  [Main.start] Parsing repository link...
2023-02-12 16:17:33,399 INFO  [URLParse.getGitRepoDetails] Getting info from GitHub link...
2023-02-12 16:17:33,399 INFO  [URLParse.getGitRepoDetails] getGitRepoDetails returns nullivex/nodist
2023-02-12 16:17:33,399 INFO  [Main.start] Getting info from graphQL query
2023-02-12 16:17:33,399 INFO  [GraphQL.graphAPIfetch] Getting graphQL response...
2023-02-12 16:17:33,722 INFO  [GraphQL.graphAPIfetch] Data acquired from graphQL: [object Object]
2023-02-12 16:17:33,722 INFO  [Main.start] Successful data collection: [object Object]
2023-02-12 16:17:33,722 INFO  [Main.start] Getting info from cloned repo...
2023-02-12 16:17:33,723 INFO  [Cloned.get_info_from_cloned_repo] Cloning repo and getting information about it
2023-02-12 16:17:33,723 INFO  [Cloned.create_git_object] Created repository directory
2023-02-12 16:17:33,724 INFO  [Cloned.create_git_object] Successfully created git object
2023-02-12 16:17:33,724 INFO  [Cloned.clone_repo] Cloning repo...
2023-02-12 16:17:36,281 INFO  [Cloned.clone_repo] Successfully cloned repo
2023-02-12 16:17:36,281 INFO  [Cloned.get_readme_path] Found readme file for repository: /home/shantanu/ece-461-project/nodist/README.md
2023-02-12 16:17:36,281 INFO  [Cloned.read_readme] Reading contents of Readme
2023-02-12 16:17:36,281 INFO  [Cloned.get_percentage_comments] Running cloc on cloned repository
2023-02-12 16:17:36,409 INFO  [Cloned.get_percentage_comments] Returning comment ratio: 13.51
2023-02-12 16:17:36,409 INFO  [Cloned.has_license_file] License file not found for repository in /home/shantanu/ece-461-project/nodist
2023-02-12 16:17:36,409 INFO  [Cloned.has_license_file] License file found for respoitory: LICENSE.txt
2023-02-12 16:17:36,410 INFO  [Cloned.has_license_in_package_json] Found license in package.json
2023-02-12 16:17:36,410 INFO  [Cloned.has_license_in_package_json] Read package.json file
2023-02-12 16:17:36,410 INFO  [Cloned.get_repo] Removing repository
2023-02-12 16:17:36,412 INFO  [REST.get_recentCommits] Getting recent commits
2023-02-12 16:17:36,412 INFO  [REST.get_recentCommits] Entering while loop to get recent commits
2023-02-12 16:17:36,413 INFO  [Cloned.has_correct_license_in_readme] Found license MIT in readme
2023-02-12 16:17:36,557 INFO  [REST.get_recentCommits] Found commit count of 2
2023-02-12 16:17:36,558 INFO  [Scores.calculate_correctness] Getting commit count...
2023-02-12 16:17:36,558 INFO  [Scores.calculate_correctness] Getting number of stars...
2023-02-12 16:17:36,558 INFO  [Scores.calculate_correctness] Calculated num_stars: 1 and commit_count: 0.002
2023-02-12 16:17:36,558 INFO  [Scores.calculate_correctness] Calculating correctness...
2023-02-12 16:17:36,558 INFO  [Scores.calculate_correctness] Calculated correctness score of 0.22
2023-02-12 16:17:36,558 INFO  [Main.start] calculating correctness
2023-02-12 16:17:36,558 INFO  [Scores.calculate_responsiveness] Calculating responsiveness
2023-02-12 16:17:36,558 INFO  [Scores.calculate_responsiveness] Calculated responsiveness of 1
2023-02-12 16:17:36,558 INFO  [Main.start] calculating responsiveness
2023-02-12 16:17:36,558 INFO  [Scores.calculate_ramp] Calculate ramp up time
2023-02-12 16:17:36,558 INFO  [Main.start] calculating ramp-up
2023-02-12 16:17:36,558 INFO  [Scores.calculate_ramp] Calculated ramp up score of 1
2023-02-12 16:17:36,558 INFO  [Scores.calculate_license] Calculating license
2023-02-12 16:17:36,559 INFO  [Scores.calculate_license] License score is 1 based on condition (1) (check function for more information)
2023-02-12 16:17:36,559 INFO  [Main.start] calculating license
2023-02-12 16:17:36,559 INFO  [Scores.calculate_bus] Calculated bus factor score of 1
2023-02-12 16:17:36,559 INFO  [Main.start] calculating bus factor
2023-02-12 16:17:36,559 INFO  [Scores.calculate_score] Calculating final score...
2023-02-12 16:17:36,559 INFO  [Scores.calculate_score] Final score for package nodist = 0.84
2023-02-12 16:17:36,559 INFO  [Main.start] calculating final score
2023-02-12 16:17:36,559 INFO  [Main.start] Correctness 0.22
2023-02-12 16:17:36,559 INFO  [Main.start] Bus Factor 1
2023-02-12 16:17:36,559 INFO  [Main.start] Ramp-up 1
2023-02-12 16:17:36,559 INFO  [Main.start] License Score 1
2023-02-12 16:17:36,559 INFO  [Main.start] Responsiveness 1
2023-02-12 16:17:36,559 INFO  [Main.start] Total Score 0.84
2023-02-12 16:17:36,700 INFO  [Main.start] Running command -> node src/main.js https://github.com/lodash/lodash
2023-02-12 16:17:36,701 INFO  [Main.start] Scoring package from: https://github.com/lodash/lodash
2023-02-12 16:17:36,701 INFO  [Main.start] Parsing repository link...
2023-02-12 16:17:36,702 INFO  [URLParse.getGitRepoDetails] Getting info from GitHub link...
2023-02-12 16:17:36,702 INFO  [URLParse.getGitRepoDetails] getGitRepoDetails returns lodash/lodash
2023-02-12 16:17:36,702 INFO  [Main.start] Getting info from graphQL query
2023-02-12 16:17:36,702 INFO  [GraphQL.graphAPIfetch] Getting graphQL response...
2023-02-12 16:17:37,21 INFO  [GraphQL.graphAPIfetch] Data acquired from graphQL: [object Object]
2023-02-12 16:17:37,22 INFO  [Main.start] Successful data collection: [object Object]
2023-02-12 16:17:37,22 INFO  [Main.start] Getting info from cloned repo...
2023-02-12 16:17:37,22 INFO  [Cloned.get_info_from_cloned_repo] Cloning repo and getting information about it
2023-02-12 16:17:37,23 INFO  [Cloned.create_git_object] Created repository directory
2023-02-12 16:17:37,24 INFO  [Cloned.create_git_object] Successfully created git object
2023-02-12 16:17:37,25 INFO  [Cloned.clone_repo] Cloning repo...
2023-02-12 16:17:45,257 INFO  [Cloned.clone_repo] Successfully cloned repo
2023-02-12 16:17:45,258 INFO  [Cloned.get_readme_path] Found readme file for repository: /home/shantanu/ece-461-project/lodash/README.md
2023-02-12 16:17:45,259 INFO  [Cloned.read_readme] Reading contents of Readme
2023-02-12 16:17:45,260 INFO  [Cloned.get_percentage_comments] Running cloc on cloned repository
2023-02-12 16:17:45,503 INFO  [Cloned.get_percentage_comments] Returning comment ratio: 21.25
2023-02-12 16:17:45,504 INFO  [Cloned.has_license_file] License file found for respoitory: LICENSE
2023-02-12 16:17:45,504 INFO  [Cloned.has_license_file] License file not found for repository in /home/shantanu/ece-461-project/lodash
2023-02-12 16:17:45,504 INFO  [Cloned.has_license_in_package_json] Read package.json file
2023-02-12 16:17:45,504 INFO  [Cloned.has_license_in_package_json] Found license in package.json
2023-02-12 16:17:45,505 INFO  [Cloned.get_repo] Removing repository
2023-02-12 16:17:45,507 INFO  [REST.get_recentCommits] Entering while loop to get recent commits
2023-02-12 16:17:45,508 INFO  [Cloned.has_correct_license_in_readme] Found license MIT in readme
2023-02-12 16:17:45,507 INFO  [REST.get_recentCommits] Getting recent commits
2023-02-12 16:17:45,735 INFO  [REST.get_recentCommits] Found commit count of 0
2023-02-12 16:17:45,736 INFO  [Scores.calculate_correctness] Getting commit count...
2023-02-12 16:17:45,736 INFO  [Scores.calculate_correctness] Getting number of stars...
2023-02-12 16:17:45,736 INFO  [Scores.calculate_correctness] Calculating correctness...
2023-02-12 16:17:45,736 INFO  [Scores.calculate_correctness] Calculated num_stars: 1 and commit_count: 0
2023-02-12 16:17:45,736 INFO  [Scores.calculate_correctness] Calculated correctness score of 0.22
2023-02-12 16:17:45,737 INFO  [Main.start] calculating correctness
2023-02-12 16:17:45,737 INFO  [Scores.calculate_responsiveness] Calculating responsiveness
2023-02-12 16:17:45,737 INFO  [Scores.calculate_responsiveness] Calculated responsiveness of 1
2023-02-12 16:17:45,738 INFO  [Scores.calculate_ramp] Calculate ramp up time
2023-02-12 16:17:45,737 INFO  [Main.start] calculating responsiveness
2023-02-12 16:17:45,738 INFO  [Scores.calculate_ramp] Calculated ramp up score of 0.73
2023-02-12 16:17:45,738 INFO  [Main.start] calculating ramp-up
2023-02-12 16:17:45,739 INFO  [Scores.calculate_license] Calculating license
2023-02-12 16:17:45,739 INFO  [Scores.calculate_license] License score is 1 based on condition (1) (check function for more information)
2023-02-12 16:17:45,739 INFO  [Main.start] calculating bus factor
2023-02-12 16:17:45,739 INFO  [Main.start] calculating license
2023-02-12 16:17:45,739 INFO  [Scores.calculate_bus] Calculated bus factor score of 1
2023-02-12 16:17:45,740 INFO  [Scores.calculate_score] Calculating final score...
2023-02-12 16:17:45,740 INFO  [Scores.calculate_score] Final score for package lodash = 0.82
2023-02-12 16:17:45,740 INFO  [Main.start] calculating final score
2023-02-12 16:17:45,740 INFO  [Main.start] Correctness 0.22
2023-02-12 16:17:45,740 INFO  [Main.start] Ramp-up 0.73
2023-02-12 16:17:45,740 INFO  [Main.start] License Score 1
2023-02-12 16:17:45,740 INFO  [Main.start] Bus Factor 1
2023-02-12 16:17:45,740 INFO  [Main.start] Responsiveness 1
2023-02-12 16:17:45,740 INFO  [Main.start] Total Score 0.82
2023-02-12 16:17:45,879 INFO  [Main.start] Running command -> node src/main.js https://www.npmjs.com/package/browserify
2023-02-12 16:17:45,880 INFO  [Main.start] Scoring package from: https://www.npmjs.com/package/browserify
2023-02-12 16:17:45,880 INFO  [Main.start] Parsing repository link...
2023-02-12 16:17:45,881 INFO  [URLParse.npm_2_git] Converting npm link (https://www.npmjs.com/package/browserify) to GitHub link...
2023-02-12 16:17:46,31 INFO  [URLParse.npm_2_git] Converted npm link to git://github.com/browserify/browserify.git
2023-02-12 16:17:46,31 INFO  [URLParse.getGitRepoDetails] Getting info from GitHub link...
2023-02-12 16:17:46,32 INFO  [URLParse.getGitRepoDetails] getGitRepoDetails returns browserify/browserify
2023-02-12 16:17:46,32 INFO  [Main.start] Getting info from graphQL query
2023-02-12 16:17:46,32 INFO  [GraphQL.graphAPIfetch] Getting graphQL response...
2023-02-12 16:17:46,342 INFO  [GraphQL.graphAPIfetch] Data acquired from graphQL: [object Object]
2023-02-12 16:17:46,342 INFO  [Main.start] Successful data collection: [object Object]
2023-02-12 16:17:46,342 INFO  [Cloned.get_info_from_cloned_repo] Cloning repo and getting information about it
2023-02-12 16:17:46,342 INFO  [Main.start] Getting info from cloned repo...
2023-02-12 16:17:46,343 INFO  [Cloned.create_git_object] Created repository directory
2023-02-12 16:17:46,344 INFO  [Cloned.create_git_object] Successfully created git object
2023-02-12 16:17:46,344 INFO  [Cloned.clone_repo] Cloning repo...
2023-02-12 16:17:47,43 INFO  [Cloned.clone_repo] Successfully cloned repo
2023-02-12 16:17:47,43 INFO  [Cloned.get_readme_path] Found readme file for repository: /home/shantanu/ece-461-project/browserify/readme.markdown
2023-02-12 16:17:47,43 INFO  [Cloned.read_readme] Reading contents of Readme
2023-02-12 16:17:47,43 INFO  [Cloned.get_percentage_comments] Running cloc on cloned repository
2023-02-12 16:17:47,231 INFO  [Cloned.get_percentage_comments] Returning comment ratio: 1.52
2023-02-12 16:17:47,231 INFO  [Cloned.has_license_file] License file found for respoitory: LICENSE
2023-02-12 16:17:47,231 INFO  [Cloned.has_license_file] License file not found for repository in /home/shantanu/ece-461-project/browserify
2023-02-12 16:17:47,231 INFO  [Cloned.has_license_in_package_json] Read package.json file
2023-02-12 16:17:47,231 INFO  [Cloned.has_license_in_package_json] Found license in package.json
2023-02-12 16:17:47,233 INFO  [Cloned.get_repo] Removing repository
2023-02-12 16:17:47,235 INFO  [REST.get_recentCommits] Entering while loop to get recent commits
2023-02-12 16:17:47,235 INFO  [Cloned.has_correct_license_in_readme] Found license MIT in readme
2023-02-12 16:17:47,235 INFO  [REST.get_recentCommits] Getting recent commits
2023-02-12 16:17:47,345 INFO  [REST.get_recentCommits] Found commit count of 0
2023-02-12 16:17:47,346 INFO  [Scores.calculate_correctness] Getting commit count...
2023-02-12 16:17:47,346 INFO  [Scores.calculate_correctness] Getting number of stars...
2023-02-12 16:17:47,346 INFO  [Scores.calculate_correctness] Calculated num_stars: 1 and commit_count: 0
2023-02-12 16:17:47,346 INFO  [Scores.calculate_correctness] Calculating correctness...
2023-02-12 16:17:47,347 INFO  [Main.start] calculating correctness
2023-02-12 16:17:47,346 INFO  [Scores.calculate_correctness] Calculated correctness score of 0.22
2023-02-12 16:17:47,347 INFO  [Scores.calculate_responsiveness] Calculating responsiveness
2023-02-12 16:17:47,347 INFO  [Scores.calculate_responsiveness] Calculated responsiveness of 1
2023-02-12 16:17:47,347 INFO  [Main.start] calculating responsiveness
2023-02-12 16:17:47,347 INFO  [Scores.calculate_ramp] Calculate ramp up time
2023-02-12 16:17:47,347 INFO  [Main.start] calculating ramp-up
2023-02-12 16:17:47,347 INFO  [Scores.calculate_ramp] Calculated ramp up score of 1
2023-02-12 16:17:47,348 INFO  [Main.start] calculating license
2023-02-12 16:17:47,347 INFO  [Scores.calculate_license] Calculating license
2023-02-12 16:17:47,348 INFO  [Scores.calculate_license] License score is 1 based on condition (1) (check function for more information)
2023-02-12 16:17:47,348 INFO  [Scores.calculate_score] Calculating final score...
2023-02-12 16:17:47,348 INFO  [Scores.calculate_bus] Calculated bus factor score of 1
2023-02-12 16:17:47,348 INFO  [Main.start] calculating final score
2023-02-12 16:17:47,348 INFO  [Main.start] calculating bus factor
2023-02-12 16:17:47,348 INFO  [Scores.calculate_score] Final score for package browserify = 0.84
2023-02-12 16:17:47,348 INFO  [Main.start] Correctness 0.22
2023-02-12 16:17:47,348 INFO  [Main.start] Ramp-up 1
2023-02-12 16:17:47,348 INFO  [Main.start] License Score 1
2023-02-12 16:17:47,348 INFO  [Main.start] Responsiveness 1
2023-02-12 16:17:47,348 INFO  [Main.start] Bus Factor 1
2023-02-12 16:17:47,348 INFO  [Main.start] Total Score 0.84
